e:\users\angelcomm\documents\github\runner0502\pjproject\hndwrap\debug\hndwrap.pch
e:\users\angelcomm\documents\github\runner0502\pjproject\hndwrap\debug\vc140.pdb
e:\users\angelcomm\documents\github\runner0502\pjproject\hndwrap\debug\stdafx.obj
e:\users\angelcomm\documents\github\runner0502\pjproject\hndwrap\debug\hndwrapinternal.obj
e:\users\angelcomm\documents\github\runner0502\pjproject\hndwrap\debug\hndwrap.obj
e:\users\angelcomm\documents\github\runner0502\pjproject\hndwrap\debug\assemblyinfo.obj
e:\users\angelcomm\documents\github\runner0502\pjproject\hndwrap\debug\.netframework,version=v4.5.2.assemblyattributes.obj
e:\users\angelcomm\documents\github\runner0502\pjproject\hndwrap\debug\.netframework,version=v4.5.2.assemblyattributes.asm
e:\users\angelcomm\documents\github\runner0502\pjproject\debug\hndmodule.dll
e:\users\angelcomm\documents\github\runner0502\pjproject\debug\dbmodule.dll
e:\users\angelcomm\documents\github\runner0502\pjproject\debug\clientlogger.dll
e:\users\angelcomm\documents\github\runner0502\pjproject\debug\entityframework.dll
e:\users\angelcomm\documents\github\runner0502\pjproject\debug\log4net.dll
e:\users\angelcomm\documents\github\runner0502\pjproject\debug\hndmodule.pdb
e:\users\angelcomm\documents\github\runner0502\pjproject\debug\dbmodule.pdb
e:\users\angelcomm\documents\github\runner0502\pjproject\debug\entityframework.xml
e:\users\angelcomm\documents\github\runner0502\pjproject\debug\hndwrap.lib
e:\users\angelcomm\documents\github\runner0502\pjproject\debug\hndwrap.exp
e:\users\angelcomm\documents\github\runner0502\pjproject\debug\hndwrap.dll
e:\users\angelcomm\documents\github\runner0502\pjproject\debug\hndwrap.pdb
e:\users\angelcomm\documents\github\runner0502\pjproject\hndwrap\debug\hndwrap.tlog\metagen.write.1.tlog
e:\users\angelcomm\documents\github\runner0502\pjproject\hndwrap\debug\app.res
e:\users\angelcomm\documents\github\runner0502\pjproject\hndwrap\debug\hndwrap.vcxprojresolveassemblyreference.cache
e:\users\angelcomm\documents\github\runner0502\pjproject\hndwrap\debug\hndwrap.tlog\cl.command.1.tlog
e:\users\angelcomm\documents\github\runner0502\pjproject\hndwrap\debug\hndwrap.tlog\cl.read.1.tlog
e:\users\angelcomm\documents\github\runner0502\pjproject\hndwrap\debug\hndwrap.tlog\cl.write.1.tlog
e:\users\angelcomm\documents\github\runner0502\pjproject\hndwrap\debug\hndwrap.tlog\hndwrap.write.1u.tlog
e:\users\angelcomm\documents\github\runner0502\pjproject\hndwrap\debug\hndwrap.tlog\link.command.1.tlog
e:\users\angelcomm\documents\github\runner0502\pjproject\hndwrap\debug\hndwrap.tlog\link.read.1.tlog
e:\users\angelcomm\documents\github\runner0502\pjproject\hndwrap\debug\hndwrap.tlog\link.write.1.tlog
e:\users\angelcomm\documents\github\runner0502\pjproject\hndwrap\debug\hndwrap.tlog\metagen.read.1.tlog
e:\users\angelcomm\documents\github\runner0502\pjproject\hndwrap\debug\hndwrap.tlog\rc.command.1.tlog
e:\users\angelcomm\documents\github\runner0502\pjproject\hndwrap\debug\hndwrap.tlog\rc.read.1.tlog
e:\users\angelcomm\documents\github\runner0502\pjproject\hndwrap\debug\hndwrap.tlog\rc.write.1.tlog
e:\users\angelcomm\documents\github\runner0502\pjproject\hndwrap\debug\hndwrap.tlog\hndmodule.dll.metagen
e:\users\angelcomm\documents\github\runner0502\pjproject\hndwrap\debug\hndwrap.tlog\tzres.dll.bi
